已經開始建置於 2016/1/7 下午 03:32:04。
     1>節點 2 (Build 目標) 上的專案 "C:\Fly2_API\HelloWorld.vcxproj"。
     1>C:\Program Files (x86)\MSBuild\Microsoft.Cpp\v4.0\V120\Microsoft.CppBuild.targets(363,5): warning MSB8004: Intermediate Directory does not end with a trailing slash.  This build instance will add the slash as it is required to allow proper evaluation of the Intermediate Directory.
     1>C:\Program Files (x86)\MSBuild\Microsoft.Cpp\v4.0\V120\Microsoft.CppBuild.targets(364,5): warning MSB8004: Output Directory does not end with a trailing slash.  This build instance will add the slash as it is required to allow proper evaluation of the Output Directory.
     1>ClCompile:
         C:\Program Files (x86)\Microsoft Visual Studio 12.0\VC\bin\CL.exe /c /I"C:\Program Files (x86)\Microsoft DirectX SDK (June 2010)\Include" /I"C:\Program Files (x86)\OpenAL 1.1 SDK\include" /IC:\Fly2_API\Include /ZI /nologo /W3 /WX- /Od /Oy- /D WIN32 /D _CRT_SECURE_NO_WARNINGS /D _DEBUG /D _WINDOWS /D FLY2_DX9 /D FLY2_OPENAL /D MULTICORE /D FLY2 /D _MBCS /Gm /EHsc /RTC1 /MDd /GS /fp:precise /Zc:wchar_t /Zc:forScope /Fo"Work\\" /Fd"Work\vc120.pdb" /Gd /TP /analyze- /errorReport:prompt hw01.cpp
         hw01.cpp
     1>c:\fly2_api\game_design.h(103): warning C4018: '<' : signed/unsigned mismatch
     1>c:\fly2_api\game_design.h(223): warning C4101: 'cur_actor_idleID' : unreferenced local variable
     1>c:\fly2_api\hw01.cpp(187): warning C4305: 'initializing' : truncation from 'double' to 'float'
     1>c:\fly2_api\hw01.cpp(188): warning C4305: 'initializing' : truncation from 'double' to 'float'
     1>c:\fly2_api\hw01.cpp(338): warning C4305: '=' : truncation from 'double' to 'float'
     1>c:\fly2_api\hw01.cpp(339): warning C4305: '=' : truncation from 'double' to 'float'
     1>c:\fly2_api\hw01.cpp(340): warning C4305: '=' : truncation from 'double' to 'float'
     1>c:\fly2_api\hw01.cpp(341): warning C4305: '=' : truncation from 'double' to 'float'
     1>c:\fly2_api\hw01.cpp(478): warning C4244: 'initializing' : conversion from 'float' to 'int', possible loss of data
     1>c:\fly2_api\hw01.cpp(480): warning C4244: 'initializing' : conversion from 'float' to 'int', possible loss of data
     1>c:\fly2_api\hw01.cpp(484): warning C4244: '=' : conversion from 'int' to 'float', possible loss of data
     1>c:\fly2_api\hw01.cpp(851): warning C4996: 'itoa': The POSIX name for this item is deprecated. Instead, use the ISO C++ conformant name: _itoa. See online help for details.
                 c:\program files (x86)\microsoft visual studio 12.0\vc\include\stdlib.h(937) : see declaration of 'itoa'
     1>c:\fly2_api\hw01.cpp(855): warning C4996: 'strdup': The POSIX name for this item is deprecated. Instead, use the ISO C++ conformant name: _strdup. See online help for details.
                 c:\program files (x86)\microsoft visual studio 12.0\vc\include\string.h(245) : see declaration of 'strdup'
     1>c:\fly2_api\hw01.cpp(659): warning C4101: 'badguyfDir' : unreferenced local variable
     1>c:\fly2_api\hw01.cpp(659): warning C4101: 'badguyuDir' : unreferenced local variable
       Link:
         C:\Program Files (x86)\Microsoft Visual Studio 12.0\VC\bin\link.exe /ERRORREPORT:PROMPT /OUT:"work\HelloWorld.exe" /INCREMENTAL /NOLOGO /LIBPATH:"C:\Program Files (x86)\Microsoft DirectX SDK (June 2010)\Lib\x86" /LIBPATH:"C:\Program Files (x86)\OpenAL 1.1 SDK\libs\Win32" /LIBPATH:C:\Fly2_API\LibWin32 d3d9.lib d3dx9.lib OpenAL32.lib XInput.lib LibFly2DX9W32D.lib strmiids.lib winmm.lib kernel32.lib user32.lib gdi32.lib winspool.lib comdlg32.lib advapi32.lib shell32.lib ole32.lib oleaut32.lib uuid.lib odbc32.lib odbccp32.lib /MANIFEST /MANIFESTUAC:"level='asInvoker' uiAccess='false'" /manifest:embed /DEBUG /PDB:"work\HelloWorld.pdb" /SUBSYSTEM:WINDOWS /TLBID:1 /DYNAMICBASE /NXCOMPAT /IMPLIB:"work\HelloWorld.lib" /MACHINE:X86 Work\hw01.obj
         HelloWorld.vcxproj -> C:\Fly2_API\work\HelloWorld.exe
     1>專案 "C:\Fly2_API\HelloWorld.vcxproj" (Build 目標) 建置完成。

建置成功。

經過時間 00:00:00.66
